<?xml version='1.0' encoding='UTF-8' ?>
<testsuite name=".LoginTest" tests="1" failures="0" errors="0" skipped="0" time="2.672" timestamp="2024-10-12T02:33:50" hostname="localhost">
  <properties>
    <property name="device" value="SM-A156E - 14" />
    <property name="flavor" value="" />
    <property name="project" value=":feature:auth" />
  </properties>
  <testcase name="uiComponentsExist" classname=".LoginTest" time="1.84" />
</testsuite>