<?xml version="1.0" encoding="UTF-8"?>
<testsuite name="DetailViewModelTest" tests="1" skipped="0" failures="0" errors="0" timestamp="2024-10-11T20:31:59" hostname="tarun-ka-MacBook-Pro.local" time="0.681">
  <properties/>
  <testcase name="loadMedicine should handle null data" classname="DetailViewModelTest" time="0.681"/>
  <system-out><![CDATA[]]></system-out>
  <system-err><![CDATA[]]></system-err>
</testsuite>
